Determining if the pthread_create exist failed with the following output:
Change Dir: /home/rn1/projects/turtlebot/build/CMakeFiles/CMakeTmp

Run Build Command:"/usr/bin/make" "cmTC_5daed/fast"
/usr/bin/make -f CMakeFiles/cmTC_5daed.dir/build.make CMakeFiles/cmTC_5daed.dir/build
make[1]: Entering directory '/home/rn1/projects/turtlebot/build/CMakeFiles/CMakeTmp'
Building C object CMakeFiles/cmTC_5daed.dir/CheckSymbolExists.c.o
/usr/bin/cc     -o CMakeFiles/cmTC_5daed.dir/CheckSymbolExists.c.o   -c /home/rn1/projects/turtlebot/build/CMakeFiles/CMakeTmp/CheckSymbolExists.c
Linking C executable cmTC_5daed
/usr/bin/cmake -E cmake_link_script CMakeFiles/cmTC_5daed.dir/link.txt --verbose=1
/usr/bin/cc       CMakeFiles/cmTC_5daed.dir/CheckSymbolExists.c.o  -o cmTC_5daed -rdynamic 
CMakeFiles/cmTC_5daed.dir/CheckSymbolExists.c.o: In function `main':
CheckSymbolExists.c:(.text+0x16): undefined reference to `pthread_create'
collect2: error: ld returned 1 exit status
CMakeFiles/cmTC_5daed.dir/build.make:97: recipe for target 'cmTC_5daed' failed
make[1]: *** [cmTC_5daed] Error 1
make[1]: Leaving directory '/home/rn1/projects/turtlebot/build/CMakeFiles/CMakeTmp'
Makefile:126: recipe for target 'cmTC_5daed/fast' failed
make: *** [cmTC_5daed/fast] Error 2

File /home/rn1/projects/turtlebot/build/CMakeFiles/CMakeTmp/CheckSymbolExists.c:
/* */
#include <pthread.h>

int main(int argc, char** argv)
{
  (void)argv;
#ifndef pthread_create
  return ((int*)(&pthread_create))[argc];
#else
  (void)argc;
  return 0;
#endif
}

Determining if the function pthread_create exists in the pthreads failed with the following output:
Change Dir: /home/rn1/projects/turtlebot/build/CMakeFiles/CMakeTmp

Run Build Command:"/usr/bin/make" "cmTC_1fafc/fast"
/usr/bin/make -f CMakeFiles/cmTC_1fafc.dir/build.make CMakeFiles/cmTC_1fafc.dir/build
make[1]: Entering directory '/home/rn1/projects/turtlebot/build/CMakeFiles/CMakeTmp'
Building C object CMakeFiles/cmTC_1fafc.dir/CheckFunctionExists.c.o
/usr/bin/cc    -DCHECK_FUNCTION_EXISTS=pthread_create   -o CMakeFiles/cmTC_1fafc.dir/CheckFunctionExists.c.o   -c /usr/share/cmake-3.5/Modules/CheckFunctionExists.c
Linking C executable cmTC_1fafc
/usr/bin/cmake -E cmake_link_script CMakeFiles/cmTC_1fafc.dir/link.txt --verbose=1
/usr/bin/cc   -DCHECK_FUNCTION_EXISTS=pthread_create    CMakeFiles/cmTC_1fafc.dir/CheckFunctionExists.c.o  -o cmTC_1fafc -rdynamic -lpthreads 
/usr/bin/ld: cannot find -lpthreads
collect2: error: ld returned 1 exit status
CMakeFiles/cmTC_1fafc.dir/build.make:97: recipe for target 'cmTC_1fafc' failed
make[1]: *** [cmTC_1fafc] Error 1
make[1]: Leaving directory '/home/rn1/projects/turtlebot/build/CMakeFiles/CMakeTmp'
Makefile:126: recipe for target 'cmTC_1fafc/fast' failed
make: *** [cmTC_1fafc/fast] Error 2


